
Compile Link and Simulate the Project...
+ bsc -u -sim -simdir . -bdir . -info-dir . -keep-fires -p %/Prelude:%/Libraries:./../src:./../data -g mkTestBench ../src/Testbench.bsv
checking package dependencies
compiling ./../src/Node.bsv
Error: "../src/Node.bsv", line 93, column 272: (T0004)
  Unbound variable `getProcID'
Compile/Link/Simulate finished

Compile Link and Simulate the Project...
+ bsc -u -sim -simdir . -bdir . -info-dir . -keep-fires -p %/Prelude:%/Libraries:./../src:./../data -g mkTestBench ../src/Testbench.bsv
checking package dependencies
compiling ./../src/Node.bsv
code generation for mkNode starts
Elaborated module file created: mkNode.ba
compiling ./../src/System.bsv
code generation for mkSystem starts
Elaborated module file created: mkSystem.ba
compiling ../src/Testbench.bsv
code generation for mkTestBench starts
Elaborated module file created: mkTestBench.ba
All packages are up to date.
+ bsc -e mkTestBench -sim -o ./out -simdir . -p .:%/Prelude:%/Libraries:./../src:./../data -keep-fires
Bluesim object reused: ./mkCore.{h,o}
Bluesim object reused: ./mkDmem.{h,o}
Bluesim object reused: ./mkImem.{h,o}
Bluesim object reused: ./mkProc.{h,o}
Bluesim object reused: ./mkNetConnect.{h,o}
Bluesim object reused: ./mkPGEmulate.{h,o}
Bluesim object created: ./mkTestBench.{h,o}
Bluesim object created: ./mkSystem.{h,o}
Bluesim object created: ./mkNode.{h,o}
./schedule.cxx: In function ‘void bluesim::schedule_posedge_CLK()’:
./schedule.cxx:27:8: note: variable tracking size limit exceeded with -fvar-tracking-assignments, retrying without
Bluesim object created: ./schedule.{h,o}
Simulation shared library created: out.so
Simulation executable created: ./out
+ ./out -m 1000
Cycle :           0 

Cycle :           1 

Cycle :           2 

Cycle :           3 

Cycle :           4 

Cycle :           5 

Cycle :           6 

Cycle :           7 

Cycle :           8 

Cycle :           9 

Cycle :          10 

Cycle :          11 

Cycle :          12 

Cycle :          13 

Cycle :          14 

Cycle :          15 

Cycle :          16 

Cycle :          17 

Cycle :          18 

Cycle :          19 

Cycle :          20 

Cycle :          21 

Cycle :          22 

Cycle :          23 

Cycle :          24 

Cycle :          25 

Cycle :          26 

Cycle :          27 

Cycle :          28 

Cycle :          29 

Cycle :          30 

Cycle :          31 

Cycle :          32 

Cycle :          33 

Cycle :          34 

Cycle :          35 

Cycle :          36 

Cycle :          37 

Cycle :          38 

Cycle :          39 

Cycle :          40 

Cycle :          41 

Cycle :          42 

Cycle :          43 

Cycle :          44 

Cycle :          45 

Cycle :          46 

Cycle :          47 

Cycle :          48 

Cycle :          49 

Cycle :          50 

Cycle :          51 

Cycle :          52 

Cycle :          53 

Cycle :          54 

Cycle :          55 

Cycle :          56 

Cycle :          57 

Cycle :          58 

Cycle :          59 

Cycle :          60 

Cycle :          61 

Cycle :          62 

Cycle :          63 

Cycle :          64 

Cycle :          65 

Cycle :          66 

Cycle :          67 

Cycle :          68 

Cycle :          69 

Cycle :          70 

Cycle :          71 

Cycle :          72 

Cycle :          73 

Cycle :          74 

Cycle :          75 

Cycle :          76 

Packet ( 0, 3) is at Source Point Node  0
Packet ( 1, 4) is at Source Point Node  1
Packet ( 2, 5) is at Source Point Node  2
Packet ( 3, 6) is at Source Point Node  3
Packet ( 0, 3) with Destination Node  3 in direction Point2Line at Node  0
Packet ( 4, 0) is at Source Point Node  4
Packet ( 1, 4) with Destination Node  4 in direction Point2Line at Node  1
Packet ( 5, 1) is at Source Point Node  5
Packet ( 2, 5) with Destination Node  5 in direction Point2Line at Node  2
Packet ( 6, 2) is at Source Point Node  6
Packet ( 3, 6) with Destination Node  6 in direction Point2Line at Node  3
Packet ( 4, 0) with Destination Node  0 in direction Point2Line at Node  4
Packet ( 6, 2) with Destination Node  2 in direction Point2Line at Node  6
Packet ( 5, 1) with Destination Node  1 in direction Point2Line at Node  5
Cycle :          77 

Packet ( 4, 0) with Destination Node  0 in direction Point2Line at Node  1
Packet ( 5, 1) with Destination Node  1 in direction Point2Line at Node  2
Packet ( 0, 3) with Destination Node  3 in direction Point2Line at Node  3
Packet ( 1, 4) with Destination Node  4 in direction Point2Line at Node  4
Packet ( 3, 6) with Destination Node  6 in direction Point2Line at Node  6
Packet ( 2, 5) with Destination Node  5 in direction Point2Line at Node  5
Cycle :          78 

Packet ( 4, 0) with Destination Node  0 in direction Point2Line at Node  0
Packet ( 5, 1) with Destination Node  1 in direction Point2Line at Node  1
Packet ( 6, 2) with Destination Node  2 in direction Point2Line at Node  3
Packet ( 1, 4) with Destination Node  4 in direction Line2Point at Node  4
Packet ( 3, 6) with Destination Node  6 in direction Line2Point at Node  6
Packet ( 2, 5) with Destination Node  5 in direction Line2Point at Node  5
Cycle :          79 

Packet ( 4, 0) with Destination Node  0 in direction Line2Point at Node  0
Packet ( 1, 4) is at Destination Point Node  4
Packet ( 5, 1) with Destination Node  1 in direction Line2Point at Node  1
Packet ( 2, 5) is at Destination Point Node  5
Packet ( 3, 6) is at Destination Point Node  6
Packet ( 0, 3) with Destination Node  3 in direction Line2Point at Node  3
Cycle :          80 

Packet ( 4, 0) is at Destination Point Node  0
Packet ( 5, 1) is at Destination Point Node  1
Packet ( 0, 3) is at Destination Point Node  3
Packet ( 6, 2) with Destination Node  2 in direction Point2Line at Node  0
Cycle :          81 

Packet ( 0, 1) is at Source Point Node  0
Packet ( 1, 2) is at Source Point Node  1
Packet ( 2, 3) is at Source Point Node  2
Packet ( 3, 4) is at Source Point Node  3
Packet ( 0, 1) with Destination Node  1 in direction Point2Line at Node  0
Packet ( 4, 5) is at Source Point Node  4
Packet ( 6, 2) with Destination Node  2 in direction Point2Line at Node  1
Packet ( 5, 6) is at Source Point Node  5
Packet ( 2, 3) with Destination Node  3 in direction Point2Line at Node  2
Packet ( 6, 0) is at Source Point Node  6
Packet ( 3, 4) with Destination Node  4 in direction Point2Line at Node  3
Packet ( 4, 5) with Destination Node  5 in direction Point2Line at Node  4
Packet ( 6, 0) with Destination Node  0 in direction Point2Line at Node  6
Packet ( 5, 6) with Destination Node  6 in direction Point2Line at Node  5
Cycle :          82 

Packet ( 1, 2) with Destination Node  2 in direction Point2Line at Node  1
Packet ( 6, 2) with Destination Node  2 in direction Point2Line at Node  2
Packet ( 6, 0) with Destination Node  0 in direction Point2Line at Node  3
Packet ( 3, 4) with Destination Node  4 in direction Point2Line at Node  4
Packet ( 2, 3) with Destination Node  3 in direction Point2Line at Node  5
Packet ( 5, 6) with Destination Node  6 in direction Point2Line at Node  8
Cycle :          83 

Packet ( 6, 0) with Destination Node  0 in direction Point2Line at Node  0
Packet ( 0, 1) with Destination Node  1 in direction Point2Line at Node  1
Packet ( 6, 2) with Destination Node  2 in direction Line2Point at Node  2
Packet ( 3, 4) with Destination Node  4 in direction Line2Point at Node  4
Packet ( 4, 5) with Destination Node  5 in direction Point2Line at Node  5
Packet ( 5, 6) with Destination Node  6 in direction Point2Line at Node  7
Cycle :          84 

Packet ( 6, 2) is at Destination Point Node  2
Packet ( 6, 0) with Destination Node  0 in direction Line2Point at Node  0
Packet ( 3, 4) is at Destination Point Node  4
Packet ( 0, 1) with Destination Node  1 in direction Line2Point at Node  1
Packet ( 1, 2) with Destination Node  2 in direction Point2Line at Node  2
Packet ( 2, 3) with Destination Node  3 in direction Point2Line at Node  4
Packet ( 5, 6) with Destination Node  6 in direction Point2Line at Node  6
Packet ( 4, 5) with Destination Node  5 in direction Line2Point at Node  5
Cycle :          85 

Packet ( 6, 0) is at Destination Point Node  0
Packet ( 0, 1) is at Destination Point Node  1
Packet ( 4, 5) is at Destination Point Node  5
Packet ( 1, 2) with Destination Node  2 in direction Line2Point at Node  2
Packet ( 2, 3) with Destination Node  3 in direction Point2Line at Node  3
Packet ( 5, 6) with Destination Node  6 in direction Line2Point at Node  6
Cycle :          86 

Packet ( 1, 2) is at Destination Point Node  2
Packet ( 5, 6) is at Destination Point Node  6
Packet ( 2, 3) with Destination Node  3 in direction Line2Point at Node  3
Cycle :          87 

Packet ( 2, 3) is at Destination Point Node  3
Cycle :          88 

Cycle :          89 

Cycle :          90 

Cycle :          91 

Cycle :          92 

Cycle :          93 

Cycle :          94 

Cycle :          95 

Cycle :          96 

Cycle :          97 

Cycle :          98 

Cycle :          99 

Cycle :         100 

Cycle :         101 

Cycle :         102 

Cycle :         103 

Broadcast Packet ( 0, 0) Sending at Proc interface:   0 
Broadcast Packet ( 0, 0) Sending at network interface:   0 
Broadcast Packet ( 1, 1) Sending at Proc interface:   1 
Broadcast Packet ( 1, 1) Sending at network interface:   1 
Broadcast Packet ( 2, 2) Sending at Proc interface:   2 
Broadcast Packet ( 2, 2) Sending at network interface:   2 
Broadcast Packet ( 3, 3) Sending at Proc interface:   3 
Broadcast Packet ( 3, 3) Sending at network interface:   3 
Broadcast Packet ( 4, 4) Sending at Proc interface:   4 
Broadcast Packet ( 4, 4) Sending at network interface:   4 
Broadcast Packet ( 5, 5) Sending at Proc interface:   5 
Broadcast Packet ( 5, 5) Sending at network interface:   5 
Broadcast Packet ( 6, 6) Sending at Proc interface:   6 
Broadcast Packet ( 6, 6) Sending at network interface:   6 
Broadcast Packet ( 0, 0) is at Source Point Node  0 to be routed to Line Node  0
Broadcast Packet ( 1, 1) is at Source Point Node  1 to be routed to Line Node  1
Broadcast Packet ( 2, 2) is at Source Point Node  2 to be routed to Line Node  2
Broadcast Packet ( 3, 3) is at Source Point Node  3 to be routed to Line Node  3
Packet ( 0, 0) with Destination Node  0 in direction Point2Line at Node  0
Broadcast Packet ( 4, 4) is at Source Point Node  4 to be routed to Line Node  4
Packet ( 1, 1) with Destination Node  1 in direction Point2Line at Node  1
Broadcast Packet ( 5, 5) is at Source Point Node  5 to be routed to Line Node  5
Packet ( 2, 2) with Destination Node  2 in direction Point2Line at Node  2
Broadcast Packet ( 6, 6) is at Source Point Node  6 to be routed to Line Node  6
Packet ( 3, 3) with Destination Node  3 in direction Point2Line at Node  3
Packet ( 4, 4) with Destination Node  4 in direction Point2Line at Node  4
Packet ( 6, 6) with Destination Node  6 in direction Point2Line at Node  6
Packet ( 5, 5) with Destination Node  5 in direction Point2Line at Node  5
Cycle :         104 

Broadcast Packet ( 0, 0) is at Source Point Node  0 to be routed to Line Node  1
Broadcast Packet ( 1, 1) is at Source Point Node  1 to be routed to Line Node  2
Broadcast Packet ( 2, 2) is at Source Point Node  2 to be routed to Line Node  3
Broadcast Packet ( 3, 3) is at Source Point Node  3 to be routed to Line Node  4
Packet ( 0, 0) with Destination Node  1 in direction Point2Line at Node  0
Broadcast Packet ( 4, 4) is at Source Point Node  4 to be routed to Line Node  5
Packet ( 1, 1) with Destination Node  2 in direction Point2Line at Node  1
Broadcast Packet ( 5, 5) is at Source Point Node  5 to be routed to Line Node  6
Packet ( 2, 2) with Destination Node  3 in direction Point2Line at Node  2
Broadcast Packet ( 6, 6) is at Source Point Node  6 to be routed to Line Node  0
Packet ( 3, 3) with Destination Node  4 in direction Point2Line at Node  3
Packet ( 4, 4) with Destination Node  5 in direction Point2Line at Node  4
Packet ( 6, 6) with Destination Node  0 in direction Point2Line at Node  6
Packet ( 5, 5) with Destination Node  6 in direction Point2Line at Node  5
Cycle :         105 

Broadcast Packet ( 0, 0) is at Line Node  0 to be routed to Point Node  6
Broadcast Packet ( 0, 0) is at Source Point Node  0 to be routed to Line Node  3
Broadcast Packet ( 1, 1) is at Line Node  1 to be routed to Point Node  0
Broadcast Packet ( 1, 1) is at Source Point Node  1 to be routed to Line Node  4
Broadcast Packet ( 2, 2) is at Line Node  2 to be routed to Point Node  1
Broadcast Packet ( 2, 2) is at Source Point Node  2 to be routed to Line Node  5
Broadcast Packet ( 3, 3) is at Line Node  3 to be routed to Point Node  2
Broadcast Packet ( 3, 3) is at Source Point Node  3 to be routed to Line Node  6
Packet ( 0, 0) with Destination Node  6 in direction Line2Point at Node  0
Broadcast Packet ( 4, 4) is at Line Node  4 to be routed to Point Node  3
Broadcast Packet ( 4, 4) is at Source Point Node  4 to be routed to Line Node  0
Packet ( 0, 0) with Destination Node  1 in direction Point2Line at Node  1
Broadcast Packet ( 5, 5) is at Line Node  5 to be routed to Point Node  4
Broadcast Packet ( 5, 5) is at Source Point Node  5 to be routed to Line Node  1
Packet ( 1, 1) with Destination Node  2 in direction Point2Line at Node  2
Broadcast Packet ( 6, 6) is at Line Node  6 to be routed to Point Node  5
Broadcast Packet ( 6, 6) is at Source Point Node  6 to be routed to Line Node  2
Packet ( 6, 6) with Destination Node  0 in direction Point2Line at Node  3
Packet ( 3, 3) with Destination Node  4 in direction Point2Line at Node  4
Packet ( 6, 6) with Destination Node  5 in direction Line2Point at Node  6
Packet ( 2, 2) with Destination Node  3 in direction Point2Line at Node  5
Packet ( 5, 5) with Destination Node  6 in direction Point2Line at Node  8
Cycle :         106 

Broadcast Packet ( 0, 0) is at Line Node  0 to be routed to Point Node  4
Broadcast Packet ( 1, 1) is at Line Node  1 to be routed to Point Node  5
Broadcast Packet ( 2, 2) is at Line Node  2 to be routed to Point Node  6
Broadcast Packet ( 3, 3) is at Line Node  3 to be routed to Point Node  0
Packet ( 6, 6) with Destination Node  0 in direction Point2Line at Node  0
Broadcast Packet ( 4, 4) is at Line Node  4 to be routed to Point Node  1
Packet ( 1, 1) with Destination Node  0 in direction Line2Point at Node  1
Broadcast Packet ( 5, 5) is at Line Node  5 to be routed to Point Node  2
Packet ( 2, 2) with Destination Node  1 in direction Line2Point at Node  2
Broadcast Packet ( 6, 6) is at Line Node  6 to be routed to Point Node  3
Packet ( 3, 3) with Destination Node  2 in direction Line2Point at Node  3
Packet ( 4, 4) with Destination Node  3 in direction Line2Point at Node  4
Packet ( 6, 6) with Destination Node  2 in direction Point2Line at Node  6
Packet ( 4, 4) with Destination Node  5 in direction Point2Line at Node  5
Packet ( 5, 5) with Destination Node  6 in direction Point2Line at Node  7
Cycle :         107 

Packet ( 1, 1) with Destination Node  0 in direction Line2Point at Node  0
Packet ( 2, 2) with Destination Node  1 in direction Line2Point at Node  1
Packet ( 2, 2) with Destination Node  5 in direction Point2Line at Node  2
Packet ( 0, 0) with Destination Node  6 in direction Line2Point at Node  3
Packet ( 2, 2) with Destination Node  3 in direction Point2Line at Node  4
Packet ( 5, 5) with Destination Node  6 in direction Point2Line at Node  6
Packet ( 5, 5) with Destination Node  4 in direction Line2Point at Node  5
Cycle :         108 

Broadcast Packet ( 6, 6) is at Line Node  0 to be routed to Point Node  0
Packet ( 0, 0) with Destination Node  3 in direction Point2Line at Node  0
Packet ( 1, 1) with Destination Node  4 in direction Point2Line at Node  1
Packet ( 2, 2) with Destination Node  6 in direction Line2Point at Node  2
Broadcast Packet ( 5, 5) is at Line Node  6 to be routed to Point Node  6
Packet ( 6, 6) with Destination Node  5 in direction Line2Point at Node  3
Packet ( 4, 4) with Destination Node  0 in direction Point2Line at Node  4
Packet ( 6, 6) with Destination Node  3 in direction Line2Point at Node  6
Packet ( 2, 2) with Destination Node  5 in direction Point2Line at Node  5
Cycle :         109 

Broadcast Packet ( 0, 0) is at Line Node  1 to be routed to Point Node  1
Broadcast Packet ( 1, 1) is at Line Node  2 to be routed to Point Node  2
Packet ( 3, 3) with Destination Node  2 in direction Line2Point at Node  0
Broadcast Packet ( 3, 3) is at Line Node  4 to be routed to Point Node  4
Packet ( 4, 4) with Destination Node  0 in direction Point2Line at Node  1
Packet ( 1, 1) with Destination Node  2 in direction Line2Point at Node  2
Packet ( 4, 4) with Destination Node  3 in direction Line2Point at Node  3
Packet ( 1, 1) with Destination Node  4 in direction Point2Line at Node  4
Packet ( 0, 0) with Destination Node  6 in direction Line2Point at Node  6
Packet ( 5, 5) with Destination Node  1 in direction Point2Line at Node  5
Cycle :         110 

Broadcast Packet ( 4, 4) is at Destination Point Node  3
Packet ( 4, 4) with Destination Node  0 in direction Point2Line at Node  0
Packet ( 3, 3) with Destination Node  2 in direction Line2Point at Node  1
Broadcast Packet ( 4, 4) is at Line Node  5 to be routed to Point Node  5
Packet ( 5, 5) with Destination Node  1 in direction Point2Line at Node  2
Broadcast Packet ( 5, 5) is at Line Node  6 to be routed to Point Node  3
Packet ( 3, 3) with Destination Node  6 in direction Point2Line at Node  3
Packet ( 5, 5) with Destination Node  4 in direction Line2Point at Node  4
Packet ( 2, 2) with Destination Node  6 in direction Line2Point at Node  5
Cycle :         111 

Broadcast Packet ( 1, 1) is at Line Node  2 to be routed to Point Node  6
Packet ( 0, 0) with Destination Node  4 in direction Line2Point at Node  0
Packet ( 1, 1) with Destination Node  5 in direction Line2Point at Node  1
Packet ( 3, 3) with Destination Node  2 in direction Line2Point at Node  2
Broadcast Packet ( 0, 0) is at Destination Point Node  6
Packet ( 0, 0) with Destination Node  3 in direction Point2Line at Node  3
Packet ( 6, 6) with Destination Node  5 in direction Line2Point at Node  4
Packet ( 3, 3) with Destination Node  6 in direction Point2Line at Node  6
Packet ( 5, 5) with Destination Node  2 in direction Line2Point at Node  5
Packet ( 2, 2) with Destination Node  6 in direction Line2Point at Node  8
Cycle :         112 

Broadcast Packet ( 6, 6) is at Line Node  0 to be routed to Point Node  4
Broadcast Packet ( 0, 0) is at Line Node  1 to be routed to Point Node  5
Broadcast Packet ( 1, 1) is at Destination Point Node  2
Broadcast Packet ( 0, 0) is at Line Node  3 to be routed to Point Node  3
Broadcast Packet ( 3, 3) is at Line Node  4 to be routed to Point Node  1
Packet ( 5, 5) with Destination Node  1 in direction Point2Line at Node  1
Packet ( 1, 1) with Destination Node  6 in direction Line2Point at Node  2
Broadcast Packet ( 3, 3) is at Line Node  6 to be routed to Point Node  6
Packet ( 6, 6) with Destination Node  2 in direction Point2Line at Node  3
Packet ( 5, 5) with Destination Node  6 in direction Line2Point at Node  6
Packet ( 4, 4) with Destination Node  5 in direction Line2Point at Node  5
Packet ( 2, 2) with Destination Node  6 in direction Line2Point at Node  7
Cycle :         113 

Broadcast Packet ( 3, 3) is at Destination Point Node  2
Broadcast Packet ( 0, 0) is at Line Node  3 to be routed to Point Node  2
Packet ( 0, 0) with Destination Node  1 in direction Line2Point at Node  1
Broadcast Packet ( 4, 4) is at Line Node  5 to be routed to Point Node  2
Packet ( 2, 2) with Destination Node  3 in direction Point2Line at Node  3
Packet ( 2, 2) with Destination Node  6 in direction Line2Point at Node  6
Packet ( 4, 4) with Destination Node  2 in direction Line2Point at Node  5
Cycle :         114 

Broadcast Packet ( 1, 1) is at Destination Point Node  0
Broadcast Packet ( 2, 2) is at Destination Point Node  1
Broadcast Packet ( 2, 2) is at Line Node  5 to be routed to Point Node  5
Packet ( 5, 5) with Destination Node  2 in direction Line2Point at Node  2
Packet ( 3, 3) with Destination Node  0 in direction Line2Point at Node  3
Packet ( 5, 5) with Destination Node  3 in direction Line2Point at Node  6
Cycle :         115 

Broadcast Packet ( 4, 4) is at Line Node  0 to be routed to Point Node  0
Broadcast Packet ( 5, 5) is at Line Node  1 to be routed to Point Node  1
Broadcast Packet ( 5, 5) is at Destination Point Node  2
Packet ( 6, 6) with Destination Node  2 in direction Point2Line at Node  0
Packet ( 0, 0) with Destination Node  5 in direction Line2Point at Node  1
Broadcast Packet ( 2, 2) is at Line Node  5 to be routed to Point Node  4
Broadcast Packet ( 3, 3) is at Line Node  6 to be routed to Point Node  5
Packet ( 0, 0) with Destination Node  4 in direction Line2Point at Node  3
Packet ( 1, 1) with Destination Node  5 in direction Line2Point at Node  4
Cycle :         116 

Broadcast Packet ( 5, 5) is at Line Node  1 to be routed to Point Node  0
Packet ( 6, 6) with Destination Node  0 in direction Line2Point at Node  0
Packet ( 4, 4) with Destination Node  2 in direction Line2Point at Node  2
Packet ( 6, 6) with Destination Node  3 in direction Line2Point at Node  3
Packet ( 0, 0) with Destination Node  4 in direction Line2Point at Node  4
Packet ( 2, 2) with Destination Node  5 in direction Line2Point at Node  5
Cycle :         117 

Broadcast Packet ( 4, 4) is at Destination Point Node  2
Packet ( 3, 3) with Destination Node  0 in direction Line2Point at Node  0
Packet ( 5, 5) with Destination Node  1 in direction Line2Point at Node  1
Broadcast Packet ( 4, 4) is at Destination Point Node  5
Packet ( 0, 0) with Destination Node  3 in direction Line2Point at Node  3
Packet ( 4, 4) with Destination Node  1 in direction Line2Point at Node  4
Packet ( 1, 1) with Destination Node  6 in direction Line2Point at Node  5
Cycle :         118 

Broadcast Packet ( 2, 2) is at Line Node  3 to be routed to Point Node  3
Packet ( 6, 6) with Destination Node  4 in direction Line2Point at Node  0
Packet ( 6, 6) with Destination Node  2 in direction Point2Line at Node  1
Broadcast Packet ( 2, 2) is at Destination Point Node  5
Broadcast Packet ( 5, 5) is at Destination Point Node  6
Cycle :         119 

Broadcast Packet ( 4, 4) is at Line Node  0 to be routed to Point Node  6
Broadcast Packet ( 0, 0) is at Destination Point Node  1
Broadcast Packet ( 2, 2) is at Destination Point Node  6
Packet ( 2, 2) with Destination Node  4 in direction Line2Point at Node  5
Packet ( 1, 1) with Destination Node  6 in direction Line2Point at Node  8
Cycle :         120 

Broadcast Packet ( 5, 5) is at Destination Point Node  1
Broadcast Packet ( 1, 1) is at Line Node  4 to be routed to Point Node  4
Packet ( 5, 5) with Destination Node  3 in direction Line2Point at Node  3
Packet ( 3, 3) with Destination Node  6 in direction Line2Point at Node  6
Packet ( 6, 6) with Destination Node  5 in direction Line2Point at Node  5
Packet ( 1, 1) with Destination Node  6 in direction Line2Point at Node  7
Cycle :         121 

Broadcast Packet ( 2, 2) is at Line Node  3 to be routed to Point Node  0
Packet ( 5, 5) with Destination Node  0 in direction Line2Point at Node  1
Broadcast Packet ( 6, 6) is at Destination Point Node  5
Packet ( 6, 6) with Destination Node  2 in direction Point2Line at Node  2
Broadcast Packet ( 3, 3) is at Destination Point Node  6
Packet ( 1, 1) with Destination Node  6 in direction Line2Point at Node  6
Packet ( 1, 1) with Destination Node  5 in direction Line2Point at Node  5
Cycle :         122 

Broadcast Packet ( 6, 6) is at Destination Point Node  0
Broadcast Packet ( 6, 6) is at Line Node  2 to be routed to Point Node  2
Broadcast Packet ( 1, 1) is at Destination Point Node  5
Packet ( 6, 6) with Destination Node  2 in direction Line2Point at Node  2
Broadcast Packet ( 1, 1) is at Destination Point Node  6
Packet ( 3, 3) with Destination Node  5 in direction Line2Point at Node  6
Cycle :         123 

Broadcast Packet ( 3, 3) is at Destination Point Node  0
Broadcast Packet ( 6, 6) is at Line Node  2 to be routed to Point Node  1
Packet ( 6, 6) with Destination Node  1 in direction Line2Point at Node  2
Cycle :         124 

Packet ( 5, 5) with Destination Node  0 in direction Line2Point at Node  0
Packet ( 6, 6) with Destination Node  1 in direction Line2Point at Node  1
Packet ( 0, 0) with Destination Node  2 in direction Line2Point at Node  3
Cycle :         125 

Broadcast Packet ( 5, 5) is at Destination Point Node  0
Broadcast Packet ( 6, 6) is at Destination Point Node  1
Broadcast Packet ( 6, 6) is at Destination Point Node  2
Packet ( 4, 4) with Destination Node  0 in direction Line2Point at Node  0
Cycle :         126 

Broadcast Packet ( 4, 4) is at Destination Point Node  0
Packet ( 4, 4) with Destination Node  6 in direction Line2Point at Node  0
Cycle :         127 

Broadcast Packet ( 6, 6) is at Destination Point Node  3
Cycle :         128 

Broadcast Packet ( 0, 0) is at Destination Point Node  3
Cycle :         129 

Broadcast Packet ( 5, 5) is at Destination Point Node  3
Cycle :         130 

Packet ( 0, 0) with Destination Node  2 in direction Line2Point at Node  0
Packet ( 2, 2) with Destination Node  3 in direction Line2Point at Node  3
Cycle :         131 

Broadcast Packet ( 2, 2) is at Destination Point Node  3
Packet ( 0, 0) with Destination Node  2 in direction Line2Point at Node  1
Packet ( 6, 6) with Destination Node  4 in direction Line2Point at Node  3
Cycle :         132 

Packet ( 0, 0) with Destination Node  2 in direction Line2Point at Node  2
Packet ( 3, 3) with Destination Node  5 in direction Line2Point at Node  3
Cycle :         133 

Broadcast Packet ( 0, 0) is at Destination Point Node  2
Packet ( 2, 2) with Destination Node  0 in direction Line2Point at Node  3
Cycle :         134 

Packet ( 2, 2) with Destination Node  0 in direction Line2Point at Node  0
Packet ( 4, 4) with Destination Node  6 in direction Line2Point at Node  3
Cycle :         135 

Broadcast Packet ( 2, 2) is at Destination Point Node  0
Packet ( 4, 4) with Destination Node  6 in direction Line2Point at Node  6
Cycle :         136 

Broadcast Packet ( 4, 4) is at Destination Point Node  6
Cycle :         137 

Cycle :         138 

Cycle :         139 

Cycle :         140 

Cycle :         141 

Cycle :         142 

Cycle :         143 

Cycle :         144 

Cycle :         145 

Cycle :         146 

Cycle :         147 

Cycle :         148 

Cycle :         149 

Cycle :         150 

Cycle :         151 

Cycle :         152 

Cycle :         153 

Cycle :         154 

Cycle :         155 

Cycle :         156 

Cycle :         157 

Cycle :         158 

Cycle :         159 

Cycle :         160 

Cycle :         161 

Cycle :         162 

Cycle :         163 

Cycle :         164 

Cycle :         165 

Cycle :         166 

Cycle :         167 

Cycle :         168 

Cycle :         169 

Cycle :         170 

Cycle :         171 

Cycle :         172 

Cycle :         173 

Cycle :         174 

Cycle :         175 

Cycle :         176 

Cycle :         177 

Cycle :         178 

Cycle :         179 

Cycle :         180 

Cycle :         181 

Cycle :         182 

Cycle :         183 

Cycle :         184 

Cycle :         185 

Cycle :         186 

Cycle :         187 

Cycle :         188 

Cycle :         189 

Cycle :         190 

Cycle :         191 

Cycle :         192 

Cycle :         193 

Cycle :         194 

Cycle :         195 

Cycle :         196 

Cycle :         197 

Cycle :         198 

Packet ( 2, 6) is at Source Point Node  2
Packet ( 2, 6) with Destination Node  2 in direction Point2Line at Node  2
Packet ( 6, 3) is at Source Point Node  6
Packet ( 6, 3) with Destination Node  6 in direction Point2Line at Node  6
Cycle :         199 

Packet ( 2, 6) with Destination Node  6 in direction Line2Point at Node  2
Packet ( 6, 3) with Destination Node  3 in direction Line2Point at Node  6
Cycle :         200 

Packet ( 6, 3) with Destination Node  3 in direction Line2Point at Node  3
Packet ( 2, 6) with Destination Node  6 in direction Line2Point at Node  5
Cycle :         201 

Packet ( 6, 3) is at Destination Point Node  3
Packet ( 2, 6) with Destination Node  6 in direction Line2Point at Node  8
Cycle :         202 

Packet ( 0, 4) is at Source Point Node  0
Packet ( 0, 4) with Destination Node  0 in direction Point2Line at Node  0
Packet ( 2, 6) with Destination Node  6 in direction Line2Point at Node  7
Cycle :         203 

Packet ( 2, 1) is at Source Point Node  2
Packet ( 0, 4) with Destination Node  4 in direction Line2Point at Node  0
Packet ( 2, 1) with Destination Node  2 in direction Point2Line at Node  2
Packet ( 6, 5) is at Source Point Node  6
Packet ( 2, 6) with Destination Node  6 in direction Line2Point at Node  6
Cycle :         204 

Packet ( 2, 1) with Destination Node  1 in direction Line2Point at Node  2
Packet ( 2, 6) is at Destination Point Node  6
Packet ( 0, 4) with Destination Node  4 in direction Line2Point at Node  3
Packet ( 6, 5) with Destination Node  6 in direction Point2Line at Node  6
Cycle :         205 

Packet ( 2, 1) with Destination Node  1 in direction Line2Point at Node  1
Packet ( 6, 5) with Destination Node  5 in direction Line2Point at Node  6
Cycle :         206 

Packet ( 2, 1) is at Destination Point Node  1
Packet ( 6, 5) with Destination Node  5 in direction Line2Point at Node  3
Cycle :         207 

Packet ( 0, 6) is at Source Point Node  0
Packet ( 0, 6) with Destination Node  0 in direction Point2Line at Node  0
Cycle :         208 

Packet ( 0, 6) with Destination Node  6 in direction Line2Point at Node  0
Cycle :         209 

Cycle :         210 

Cycle :         211 

Cycle :         212 

Cycle :         213 

Cycle :         214 

Cycle :         215 

Cycle :         216 

Cycle :         217 

Cycle :         218 

Cycle :         219 

Cycle :         220 

Cycle :         221 

Cycle :         222 

Cycle :         223 

Cycle :         224 

Cycle :         225 

Cycle :         226 

Cycle :         227 

Cycle :         228 

Cycle :         229 

Cycle :         230 

Cycle :         231 

Cycle :         232 

Cycle :         233 

Cycle :         234 

Cycle :         235 

Cycle :         236 

Cycle :         237 

Cycle :         238 

Cycle :         239 

Cycle :         240 

Cycle :         241 

Cycle :         242 

Cycle :         243 

Cycle :         244 

Cycle :         245 

Cycle :         246 

Cycle :         247 

Cycle :         248 

Cycle :         249 

Cycle :         250 

Cycle :         251 

Cycle :         252 

Cycle :         253 

Cycle :         254 

Cycle :         255 

Cycle :         256 

Cycle :         257 

Cycle :         258 

Cycle :         259 

Cycle :         260 

Cycle :         261 

Cycle :         262 

Cycle :         263 

Cycle :         264 

Cycle :         265 

Cycle :         266 

Cycle :         267 

Cycle :         268 

Cycle :         269 

Cycle :         270 

Cycle :         271 

Cycle :         272 

Cycle :         273 

Cycle :         274 

Cycle :         275 

Cycle :         276 

Cycle :         277 

Cycle :         278 

Cycle :         279 

Cycle :         280 

Cycle :         281 

Cycle :         282 

Cycle :         283 

Cycle :         284 

Cycle :         285 

Cycle :         286 

Cycle :         287 

Cycle :         288 

Cycle :         289 

Cycle :         290 

Cycle :         291 

Cycle :         292 

Cycle :         293 

Cycle :         294 

Cycle :         295 

Cycle :         296 

Cycle :         297 

Cycle :         298 

Cycle :         299 

Cycle :         300 

Cycle :         301 

Cycle :         302 

Cycle :         303 

Cycle :         304 

Cycle :         305 

Cycle :         306 

Cycle :         307 

Cycle :         308 

Cycle :         309 

Cycle :         310 

Cycle :         311 

Cycle :         312 

Cycle :         313 

Cycle :         314 

Cycle :         315 

Cycle :         316 

Cycle :         317 

Cycle :         318 

Cycle :         319 

Cycle :         320 

Cycle :         321 

Cycle :         322 

Cycle :         323 

Cycle :         324 

Cycle :         325 

Cycle :         326 

Cycle :         327 

Cycle :         328 

Cycle :         329 

Cycle :         330 

Cycle :         331 

Cycle :         332 

Cycle :         333 

Cycle :         334 

Cycle :         335 

Cycle :         336 

Cycle :         337 

Cycle :         338 

Cycle :         339 

Cycle :         340 

Cycle :         341 

Cycle :         342 

Cycle :         343 

Cycle :         344 

Cycle :         345 

Cycle :         346 

Cycle :         347 

Cycle :         348 

Cycle :         349 

Cycle :         350 

Cycle :         351 

Cycle :         352 

Cycle :         353 

Cycle :         354 

Cycle :         355 

Cycle :         356 

Cycle :         357 

Cycle :         358 

Cycle :         359 

Cycle :         360 

Cycle :         361 

Cycle :         362 

Cycle :         363 

Cycle :         364 

Cycle :         365 

Cycle :         366 

Cycle :         367 

Cycle :         368 

Cycle :         369 

Cycle :         370 

Cycle :         371 

Cycle :         372 

Cycle :         373 

Cycle :         374 

Cycle :         375 

Cycle :         376 

Cycle :         377 

Cycle :         378 

Cycle :         379 

Cycle :         380 

Cycle :         381 

Cycle :         382 

Cycle :         383 

Cycle :         384 

Cycle :         385 

Cycle :         386 

Cycle :         387 

Cycle :         388 

Cycle :         389 

Cycle :         390 

Cycle :         391 

Cycle :         392 

Cycle :         393 

Cycle :         394 

Cycle :         395 

Cycle :         396 

Cycle :         397 

Cycle :         398 

Cycle :         399 

Cycle :         400 

Cycle :         401 

Cycle :         402 

Cycle :         403 

Cycle :         404 

Cycle :         405 

Cycle :         406 

Cycle :         407 

Cycle :         408 

Cycle :         409 

Cycle :         410 

Cycle :         411 

Cycle :         412 

Cycle :         413 

Cycle :         414 

Cycle :         415 

Cycle :         416 

Cycle :         417 

Cycle :         418 

Cycle :         419 

Cycle :         420 

Cycle :         421 

Cycle :         422 

Cycle :         423 

Cycle :         424 

Cycle :         425 

Cycle :         426 

Cycle :         427 

Cycle :         428 

Cycle :         429 

Cycle :         430 

Cycle :         431 

Cycle :         432 

Cycle :         433 

Cycle :         434 

Cycle :         435 

Cycle :         436 

Cycle :         437 

Cycle :         438 

Cycle :         439 

Cycle :         440 

Cycle :         441 

Cycle :         442 

Cycle :         443 

Cycle :         444 

Cycle :         445 

Cycle :         446 

Cycle :         447 

Cycle :         448 

Cycle :         449 

Cycle :         450 

Cycle :         451 

Cycle :         452 

Cycle :         453 

Cycle :         454 

Cycle :         455 

Cycle :         456 

Cycle :         457 

Cycle :         458 

Cycle :         459 

Cycle :         460 

Cycle :         461 

Cycle :         462 

Cycle :         463 

Cycle :         464 

Cycle :         465 

Cycle :         466 

Cycle :         467 

Cycle :         468 

Cycle :         469 

Cycle :         470 

Cycle :         471 

Cycle :         472 

Cycle :         473 

Cycle :         474 

Cycle :         475 

Cycle :         476 

Cycle :         477 

Cycle :         478 

Cycle :         479 

Cycle :         480 

Cycle :         481 

Cycle :         482 

Cycle :         483 

Cycle :         484 

Cycle :         485 

Cycle :         486 

Cycle :         487 

Cycle :         488 

Cycle :         489 

Cycle :         490 

Cycle :         491 

Cycle :         492 

Cycle :         493 

Cycle :         494 

Cycle :         495 

Cycle :         496 

Cycle :         497 

Cycle :         498 

Cycle :         499 

Cycle :         500 

Cycle :         501 

Cycle :         502 

Cycle :         503 

Cycle :         504 

Cycle :         505 

Cycle :         506 

Cycle :         507 

Cycle :         508 

Cycle :         509 

Cycle :         510 

Cycle :         511 

Cycle :         512 

Cycle :         513 

Cycle :         514 

Cycle :         515 

Cycle :         516 

Cycle :         517 

Cycle :         518 

Cycle :         519 

Cycle :         520 

Cycle :         521 

Cycle :         522 

Cycle :         523 

Cycle :         524 

Cycle :         525 

Cycle :         526 

Cycle :         527 

Cycle :         528 

Cycle :         529 

Cycle :         530 

Cycle :         531 

Cycle :         532 

Cycle :         533 

Cycle :         534 

Cycle :         535 

Cycle :         536 

Cycle :         537 

Cycle :         538 

Cycle :         539 

Cycle :         540 

Cycle :         541 

Cycle :         542 

Cycle :         543 

Cycle :         544 

Cycle :         545 

Cycle :         546 

Cycle :         547 

Cycle :         548 

Cycle :         549 

Cycle :         550 

Cycle :         551 

Cycle :         552 

Cycle :         553 

Cycle :         554 

Cycle :         555 

Cycle :         556 

Cycle :         557 

Cycle :         558 

Cycle :         559 

Cycle :         560 

Cycle :         561 

Cycle :         562 

Cycle :         563 

Cycle :         564 

Cycle :         565 

Cycle :         566 

Cycle :         567 

Cycle :         568 

Cycle :         569 

Cycle :         570 

Cycle :         571 

Cycle :         572 

Cycle :         573 

Cycle :         574 

Cycle :         575 

Cycle :         576 

Cycle :         577 

Cycle :         578 

Cycle :         579 

Cycle :         580 

Cycle :         581 

Cycle :         582 

Cycle :         583 

Cycle :         584 

Cycle :         585 

Cycle :         586 

Cycle :         587 

Cycle :         588 

Cycle :         589 

Cycle :         590 

Cycle :         591 

Cycle :         592 

Cycle :         593 

Cycle :         594 

Cycle :         595 

Cycle :         596 

Cycle :         597 

Cycle :         598 

Cycle :         599 

Cycle :         600 

Cycle :         601 

Cycle :         602 

Cycle :         603 

Cycle :         604 

Cycle :         605 

Cycle :         606 

Cycle :         607 

Cycle :         608 

Cycle :         609 

Cycle :         610 

Cycle :         611 

Cycle :         612 

Cycle :         613 

Cycle :         614 

Cycle :         615 

Cycle :         616 

Cycle :         617 

Cycle :         618 

Cycle :         619 

Cycle :         620 

Cycle :         621 

Cycle :         622 

Cycle :         623 

Cycle :         624 

Cycle :         625 

Cycle :         626 

Cycle :         627 

Cycle :         628 

Cycle :         629 

Cycle :         630 

Cycle :         631 

Cycle :         632 

Cycle :         633 

Cycle :         634 

Cycle :         635 

Cycle :         636 

Cycle :         637 

Cycle :         638 

Cycle :         639 

Cycle :         640 

Cycle :         641 

Cycle :         642 

Cycle :         643 

Cycle :         644 

Cycle :         645 

Cycle :         646 

Cycle :         647 

Cycle :         648 

Cycle :         649 

Cycle :         650 

Cycle :         651 

Cycle :         652 

Cycle :         653 

Cycle :         654 

Cycle :         655 

Cycle :         656 

Cycle :         657 

Cycle :         658 

Cycle :         659 

Cycle :         660 

Cycle :         661 

Cycle :         662 

Cycle :         663 

Cycle :         664 

Cycle :         665 

Cycle :         666 

Cycle :         667 

Cycle :         668 

Cycle :         669 

Cycle :         670 

Cycle :         671 

Cycle :         672 

Cycle :         673 

Cycle :         674 

Cycle :         675 

Cycle :         676 

Cycle :         677 

Cycle :         678 

Cycle :         679 

Cycle :         680 

Cycle :         681 

Cycle :         682 

Cycle :         683 

Cycle :         684 

Cycle :         685 

Cycle :         686 

Cycle :         687 

Cycle :         688 

Cycle :         689 

Cycle :         690 

Cycle :         691 

Cycle :         692 

Cycle :         693 

Cycle :         694 

Cycle :         695 

Cycle :         696 

Cycle :         697 

Cycle :         698 

Cycle :         699 

Cycle :         700 

Cycle :         701 

Cycle :         702 

Cycle :         703 

Cycle :         704 

Cycle :         705 

Cycle :         706 

Cycle :         707 

Cycle :         708 

Cycle :         709 

Cycle :         710 

Cycle :         711 

Cycle :         712 

Cycle :         713 

Cycle :         714 

Cycle :         715 

Cycle :         716 

Cycle :         717 

Cycle :         718 

Cycle :         719 

Cycle :         720 

Cycle :         721 

Cycle :         722 

Cycle :         723 

Cycle :         724 

Cycle :         725 

Cycle :         726 

Cycle :         727 

Cycle :         728 

Cycle :         729 

Cycle :         730 

Cycle :         731 

Cycle :         732 

Cycle :         733 

Cycle :         734 

Cycle :         735 

Cycle :         736 

Cycle :         737 

Cycle :         738 

Cycle :         739 

Cycle :         740 

Cycle :         741 

Cycle :         742 

Cycle :         743 

Cycle :         744 

Cycle :         745 

Cycle :         746 

Cycle :         747 

Cycle :         748 

Cycle :         749 

Cycle :         750 

Cycle :         751 

Cycle :         752 

Cycle :         753 

Cycle :         754 

Cycle :         755 

Cycle :         756 

Cycle :         757 

Cycle :         758 

Cycle :         759 

Cycle :         760 

Cycle :         761 

Cycle :         762 

Cycle :         763 

Cycle :         764 

Cycle :         765 

Cycle :         766 

Cycle :         767 

Cycle :         768 

Cycle :         769 

Cycle :         770 

Cycle :         771 

Cycle :         772 

Cycle :         773 

Cycle :         774 

Cycle :         775 

Cycle :         776 

Cycle :         777 

Cycle :         778 

Cycle :         779 

Cycle :         780 

Cycle :         781 

Cycle :         782 

Cycle :         783 

Cycle :         784 

Cycle :         785 

Cycle :         786 

Cycle :         787 

Cycle :         788 

Cycle :         789 

Cycle :         790 

Cycle :         791 

Cycle :         792 

Cycle :         793 

Cycle :         794 

Cycle :         795 

Cycle :         796 

Cycle :         797 

Cycle :         798 

Cycle :         799 

Cycle :         800 

Cycle :         801 

Cycle :         802 

Cycle :         803 

Cycle :         804 

Cycle :         805 

Cycle :         806 

Cycle :         807 

Cycle :         808 

Cycle :         809 

Cycle :         810 

Cycle :         811 

Cycle :         812 

Cycle :         813 

Cycle :         814 

Cycle :         815 

Cycle :         816 

Cycle :         817 

Cycle :         818 

Cycle :         819 

Cycle :         820 

Cycle :         821 

Cycle :         822 

Cycle :         823 

Cycle :         824 

Cycle :         825 

Cycle :         826 

Cycle :         827 

Cycle :         828 

Cycle :         829 

Cycle :         830 

Cycle :         831 

Cycle :         832 

Cycle :         833 

Cycle :         834 

Cycle :         835 

Cycle :         836 

Cycle :         837 

Cycle :         838 

Cycle :         839 

Cycle :         840 

Cycle :         841 

Cycle :         842 

Cycle :         843 

Cycle :         844 

Cycle :         845 

Cycle :         846 

Cycle :         847 

Cycle :         848 

Cycle :         849 

Cycle :         850 

Cycle :         851 

Cycle :         852 

Cycle :         853 

Cycle :         854 

Cycle :         855 

Cycle :         856 

Cycle :         857 

Cycle :         858 

Cycle :         859 

Cycle :         860 

Cycle :         861 

Cycle :         862 

Cycle :         863 

Cycle :         864 

Cycle :         865 

Cycle :         866 

Cycle :         867 

Cycle :         868 

Cycle :         869 

Cycle :         870 

Cycle :         871 

Cycle :         872 

Cycle :         873 

Cycle :         874 

Cycle :         875 

Cycle :         876 

Cycle :         877 

Cycle :         878 

Cycle :         879 

Cycle :         880 

Cycle :         881 

Cycle :         882 

Cycle :         883 

Cycle :         884 

Cycle :         885 

Cycle :         886 

Cycle :         887 

Cycle :         888 

Cycle :         889 

Cycle :         890 

Cycle :         891 

Cycle :         892 

Cycle :         893 

Cycle :         894 

Cycle :         895 

Cycle :         896 

Cycle :         897 

Cycle :         898 

Cycle :         899 

Cycle :         900 

Cycle :         901 

Cycle :         902 

Cycle :         903 

Cycle :         904 

Cycle :         905 

Cycle :         906 

Cycle :         907 

Cycle :         908 

Cycle :         909 

Cycle :         910 

Cycle :         911 

Cycle :         912 

Cycle :         913 

Cycle :         914 

Cycle :         915 

Cycle :         916 

Cycle :         917 

Cycle :         918 

Cycle :         919 

Cycle :         920 

Cycle :         921 

Cycle :         922 

Cycle :         923 

Cycle :         924 

Cycle :         925 

Cycle :         926 

Cycle :         927 

Cycle :         928 

Cycle :         929 

Cycle :         930 

Cycle :         931 

Cycle :         932 

Cycle :         933 

Cycle :         934 

Cycle :         935 

Cycle :         936 

Cycle :         937 

Cycle :         938 

Cycle :         939 

Cycle :         940 

Cycle :         941 

Cycle :         942 

Cycle :         943 

Cycle :         944 

Cycle :         945 

Cycle :         946 

Cycle :         947 

Cycle :         948 

Cycle :         949 

Cycle :         950 

Cycle :         951 

Cycle :         952 

Cycle :         953 

Cycle :         954 

Cycle :         955 

Cycle :         956 

Cycle :         957 

Cycle :         958 

Cycle :         959 

Cycle :         960 

Cycle :         961 

Cycle :         962 

Cycle :         963 

Cycle :         964 

Cycle :         965 

Cycle :         966 

Cycle :         967 

Cycle :         968 

Cycle :         969 

Cycle :         970 

Cycle :         971 

Cycle :         972 

Cycle :         973 

Cycle :         974 

Cycle :         975 

Cycle :         976 

Cycle :         977 

Cycle :         978 

Cycle :         979 

Cycle :         980 

Cycle :         981 

Cycle :         982 

Cycle :         983 

Cycle :         984 

Cycle :         985 

Cycle :         986 

Cycle :         987 

Cycle :         988 

Cycle :         989 

Cycle :         990 

Cycle :         991 

Cycle :         992 

Cycle :         993 

Cycle :         994 

Cycle :         995 

Cycle :         996 

Cycle :         997 

Cycle :         998 

Compile/Link/Simulate finished


